<?xml version="1.0" encoding="UTF-8"?>
<!-- Generated by org.testng.reporters.JUnitXMLReporter -->
<testsuite ignored="0" hostname="URSVCORL5CD8" failures="0" tests="4" name="REST_Assured_Automation_Java" time="8.783" errors="0" timestamp="2021-11-09T16:32:11 CST">
  <testcase classname="APITest" name="testCase1" time="4.558"/>
  <testcase classname="APITest" name="testCase2" time="0.27"/>
  <testcase classname="APITest" name="testCase3" time="0.448"/>
  <testcase classname="APITest" name="testCase4" time="3.446"/>
</testsuite> <!-- REST_Assured_Automation_Java -->
