<?xml version="1.0" encoding="UTF-8"?>
<testng-results ignored="0" total="4" passed="4" failed="0" skipped="0">
  <reporter-output>
  </reporter-output>
  <suite started-at="2021-11-09T16:32:02 CST" name="Default Suite" finished-at="2021-11-09T16:32:11 CST" duration-ms="8783">
    <groups>
    </groups>
    <test started-at="2021-11-09T16:32:02 CST" name="REST_Assured_Automation_Java" finished-at="2021-11-09T16:32:11 CST" duration-ms="8783">
      <class name="APITest">
        <test-method signature="testCase1()[pri:0, instance:APITest@6e2c9341]" started-at="2021-11-09T16:32:02 CST" name="testCase1" finished-at="2021-11-09T16:32:06 CST" duration-ms="4558" status="PASS">
          <reporter-output>
          </reporter-output>
        </test-method> <!-- testCase1 -->
        <test-method signature="testCase2()[pri:0, instance:APITest@6e2c9341]" started-at="2021-11-09T16:32:06 CST" name="testCase2" finished-at="2021-11-09T16:32:07 CST" duration-ms="270" status="PASS">
          <reporter-output>
          </reporter-output>
        </test-method> <!-- testCase2 -->
        <test-method signature="testCase3()[pri:0, instance:APITest@6e2c9341]" started-at="2021-11-09T16:32:07 CST" name="testCase3" finished-at="2021-11-09T16:32:07 CST" duration-ms="448" status="PASS">
          <reporter-output>
          </reporter-output>
        </test-method> <!-- testCase3 -->
        <test-method signature="testCase4()[pri:0, instance:APITest@6e2c9341]" started-at="2021-11-09T16:32:07 CST" name="testCase4" finished-at="2021-11-09T16:32:11 CST" duration-ms="3446" status="PASS">
          <reporter-output>
          </reporter-output>
        </test-method> <!-- testCase4 -->
      </class> <!-- APITest -->
    </test> <!-- REST_Assured_Automation_Java -->
  </suite> <!-- Default Suite -->
</testng-results>
